<?xml version="1.0" encoding="UTF-8"?>
<!-- Generated by org.testng.reporters.JUnitReportReporter -->
<testsuite hostname="Intelligents-MacBook-Pro.local" failures="0" tests="14" name="RestAssured.RestAssured.AppTest" time="10.297" errors="0" timestamp="2023-05-25T16:15:21 IST" skipped="13">
  <testcase classname="RestAssured.RestAssured.AppTest" name="checkAPIChainging" time="10.297"/>
  <system-out/>
  <testcase classname="RestAssured.RestAssured.AppTest" name="shouldAnswerWithTrue">
    <skipped/>
  </testcase> <!-- shouldAnswerWithTrue -->
  <system-out/>
  <testcase classname="RestAssured.RestAssured.AppTest" name="checkSeralize">
    <skipped/>
  </testcase> <!-- checkSeralize -->
  <system-out/>
  <testcase classname="RestAssured.RestAssured.AppTest" name="checkSchema">
    <skipped/>
  </testcase> <!-- checkSchema -->
  <system-out/>
  <testcase classname="RestAssured.RestAssured.AppTest" name="getUser">
    <skipped/>
  </testcase> <!-- getUser -->
  <system-out/>
  <testcase classname="RestAssured.RestAssured.AppTest" name="checkAuth">
    <skipped/>
  </testcase> <!-- checkAuth -->
  <system-out/>
  <testcase classname="RestAssured.RestAssured.AppTest" name="getCookieHeader">
    <skipped/>
  </testcase> <!-- getCookieHeader -->
  <system-out/>
  <testcase classname="RestAssured.RestAssured.AppTest" name="getHeader">
    <skipped/>
  </testcase> <!-- getHeader -->
  <system-out/>
  <testcase classname="RestAssured.RestAssured.AppTest" name="updatedUser">
    <skipped/>
  </testcase> <!-- updatedUser -->
  <system-out/>
  <testcase classname="RestAssured.RestAssured.AppTest" name="checkXML">
    <skipped/>
  </testcase> <!-- checkXML -->
  <system-out/>
  <testcase classname="RestAssured.RestAssured.AppTest" name="createUser">
    <skipped/>
  </testcase> <!-- createUser -->
  <system-out/>
  <testcase classname="RestAssured.RestAssured.AppTest" name="compareResponseJson">
    <skipped/>
  </testcase> <!-- compareResponseJson -->
  <system-out/>
  <testcase classname="RestAssured.RestAssured.AppTest" name="getUserWithPathAndParam">
    <skipped/>
  </testcase> <!-- getUserWithPathAndParam -->
  <system-out/>
  <testcase classname="RestAssured.RestAssured.AppTest" name="checkAPIAuth">
    <skipped/>
  </testcase> <!-- checkAPIAuth -->
  <system-out/>
</testsuite> <!-- RestAssured.RestAssured.AppTest -->
